Test batch size: 10000
Loading fashion-mnist data...Done
Loading model...Done
Conv-GPU==
==PROF== Connected to process 1985681 (/u/abandukwala/ece408git/Project/m3)
==PROF== Profiling "prefn_marker_kernel()" - 0: 0%....50%....100% - 34 passes
==PROF== Profiling "matrix_unrolling_kernel" - 1: 0%....50%....100% - 34 passes
==PROF== Profiling "matrixMultiplyShared" - 2: 0%....50%....100% - 34 passes
==PROF== Profiling "matrix_permute_kernel" - 3: 0%....50%....100% - 34 passes
==PROF== Profiling "do_not_remove_this_kernel()" - 4: 0%....50%....100% - 34 passes
Layer Time: 18880.1 ms
Op Time: 18690.3 ms
Conv-GPU==
==PROF== Profiling "prefn_marker_kernel()" - 5: 0%....50%....100% - 34 passes
==PROF== Profiling "matrix_unrolling_kernel" - 6: 0%....50%....100% - 34 passes
==PROF== Profiling "matrixMultiplyShared" - 7: 0%....50%....100% - 34 passes
==PROF== Profiling "matrix_permute_kernel" - 8: 0%....50%....100% - 34 passes
==PROF== Profiling "do_not_remove_this_kernel()" - 9: 0%....50%....100% - 34 passes
Layer Time: 20589.8 ms
Op Time: 20464 ms

Test Accuracy: 0.8714

==PROF== Disconnected from process 1985681
==PROF== Report: /u/abandukwala/ece408git/Project/analysis_file.ncu-rep
